c:\users\zohai\downloads\dataproject\data_project\data_project\x64\debug\vc143.pdb
c:\users\zohai\downloads\dataproject\data_project\data_project\x64\debug\vc143.idb
c:\users\zohai\downloads\dataproject\data_project\data_project\x64\debug\vertex.obj
c:\users\zohai\downloads\dataproject\data_project\data_project\x64\debug\sighin.obj
c:\users\zohai\downloads\dataproject\data_project\data_project\x64\debug\source.obj
c:\users\zohai\downloads\dataproject\data_project\data_project\x64\debug\respository.obj
c:\users\zohai\downloads\dataproject\data_project\data_project\x64\debug\repositories.obj
c:\users\zohai\downloads\dataproject\data_project\data_project\x64\debug\main.obj
c:\users\zohai\downloads\dataproject\data_project\data_project\x64\debug\graph.obj
c:\users\zohai\downloads\dataproject\data_project\data_project\x64\debug\followernode.obj
c:\users\zohai\downloads\dataproject\data_project\data_project\x64\debug\file.obj
c:\users\zohai\downloads\dataproject\data_project\data_project\x64\debug\commit.obj
c:\users\zohai\downloads\dataproject\data_project\data_project\x64\debug\main1.obj
c:\users\zohai\downloads\dataproject\data_project\x64\debug\data_project.exe
c:\users\zohai\downloads\dataproject\data_project\x64\debug\data_project.pdb
c:\users\zohai\downloads\dataproject\data_project\data_project\x64\debug\data_project.ilk
c:\users\zohai\downloads\dataproject\data_project\data_project\x64\debug\data_project.tlog\cl.command.1.tlog
c:\users\zohai\downloads\dataproject\data_project\data_project\x64\debug\data_project.tlog\cl.items.tlog
c:\users\zohai\downloads\dataproject\data_project\data_project\x64\debug\data_project.tlog\cl.read.1.tlog
c:\users\zohai\downloads\dataproject\data_project\data_project\x64\debug\data_project.tlog\cl.write.1.tlog
c:\users\zohai\downloads\dataproject\data_project\data_project\x64\debug\data_project.tlog\link.15756-cvtres.read.1.tlog
c:\users\zohai\downloads\dataproject\data_project\data_project\x64\debug\data_project.tlog\link.15756-cvtres.write.1.tlog
c:\users\zohai\downloads\dataproject\data_project\data_project\x64\debug\data_project.tlog\link.15756-rc.read.1.tlog
c:\users\zohai\downloads\dataproject\data_project\data_project\x64\debug\data_project.tlog\link.15756-rc.write.1.tlog
c:\users\zohai\downloads\dataproject\data_project\data_project\x64\debug\data_project.tlog\link.15756.read.1.tlog
c:\users\zohai\downloads\dataproject\data_project\data_project\x64\debug\data_project.tlog\link.15756.read.2.tlog
c:\users\zohai\downloads\dataproject\data_project\data_project\x64\debug\data_project.tlog\link.15756.write.1.tlog
c:\users\zohai\downloads\dataproject\data_project\data_project\x64\debug\data_project.tlog\link.command.1.tlog
c:\users\zohai\downloads\dataproject\data_project\data_project\x64\debug\data_project.tlog\link.read.1.tlog
c:\users\zohai\downloads\dataproject\data_project\data_project\x64\debug\data_project.tlog\link.secondary.1.tlog
c:\users\zohai\downloads\dataproject\data_project\data_project\x64\debug\data_project.tlog\link.write.1.tlog
